2018-12-23 01:48:45,255  INFO [main] - eg.edu.alexu.csd.oop.game.myGame.view.TestMain.loadPlugin 25 - Trying to load Shape Classes
2018-12-23 01:48:45,276  INFO [main] - eg.edu.alexu.csd.oop.game.myGame.view.TestMain.loadPlugin 25 - Trying to load Shape Classes
2018-12-23 02:05:33,609  INFO [main] - eg.edu.alexu.csd.oop.game.myGame.view.TestMain.loadPlugin 25 - Trying to load Shape Classes
2018-12-23 02:05:33,621  INFO [main] - eg.edu.alexu.csd.oop.game.myGame.view.TestMain.loadPlugin 25 - Trying to load Shape Classes
2018-12-23 02:58:05,640  INFO [main] - eg.edu.alexu.csd.oop.game.myGame.model.CircusOfPlates.<init> 37 - Initiating circus of plates
2018-12-23 02:58:05,905  INFO [main] - eg.edu.alexu.csd.oop.game.myGame.view.TestMain.loadPlugin 25 - Trying to load Shape Classes
2018-12-23 02:58:05,921  INFO [main] - eg.edu.alexu.csd.oop.game.myGame.view.TestMain.loadPlugin 25 - Trying to load Shape Classes
2018-12-23 02:58:05,921  INFO [main] - eg.edu.alexu.csd.oop.game.myGame.controller.startegy.Hard.<init> 13 - Initiate hard strategy
2018-12-23 02:58:06,155  INFO [AWT-EventQueue-0] - eg.edu.alexu.csd.oop.game.myGame.model.factory.ShapesFactory.makeShape 30 - Making shape from factory
2018-12-23 02:58:06,468  INFO [AWT-EventQueue-0] - eg.edu.alexu.csd.oop.game.myGame.model.factory.ShapesFactory.makeShape 30 - Making shape from factory
2018-12-23 02:58:06,711  INFO [AWT-EventQueue-0] - eg.edu.alexu.csd.oop.game.myGame.model.factory.ShapesFactory.makeShape 30 - Making shape from factory
2018-12-23 02:58:06,977  INFO [AWT-EventQueue-0] - eg.edu.alexu.csd.oop.game.myGame.model.factory.ShapesFactory.makeShape 30 - Making shape from factory
2018-12-23 02:58:07,289  INFO [AWT-EventQueue-0] - eg.edu.alexu.csd.oop.game.myGame.model.factory.ShapesFactory.makeShape 30 - Making shape from factory
2018-12-23 02:58:07,633  INFO [AWT-EventQueue-0] - eg.edu.alexu.csd.oop.game.myGame.model.factory.ShapesFactory.makeShape 30 - Making shape from factory
2018-12-23 02:58:07,945  INFO [AWT-EventQueue-0] - eg.edu.alexu.csd.oop.game.myGame.model.factory.ShapesFactory.makeShape 30 - Making shape from factory
2018-12-23 02:58:08,289  INFO [AWT-EventQueue-0] - eg.edu.alexu.csd.oop.game.myGame.model.factory.ShapesFactory.makeShape 30 - Making shape from factory
2018-12-23 02:58:08,969  INFO [AWT-EventQueue-0] - eg.edu.alexu.csd.oop.game.myGame.model.factory.ShapesFactory.makeShape 30 - Making shape from factory
2018-12-23 02:58:09,314  INFO [AWT-EventQueue-0] - eg.edu.alexu.csd.oop.game.myGame.model.factory.ShapesFactory.makeShape 30 - Making shape from factory
2018-12-23 03:01:46,886  INFO [main] - eg.edu.alexu.csd.oop.game.myGame.model.CircusOfPlates.<init> 37 - Initiating circus of plates
2018-12-23 03:01:47,183  INFO [main] - eg.edu.alexu.csd.oop.game.myGame.view.TestMain.loadPlugin 25 - Trying to load Shape Classes
2018-12-23 03:01:47,198  INFO [main] - eg.edu.alexu.csd.oop.game.myGame.view.TestMain.loadPlugin 25 - Trying to load Shape Classes
2018-12-23 03:01:47,198  INFO [main] - eg.edu.alexu.csd.oop.game.myGame.controller.startegy.Hard.<init> 13 - Initiate hard strategy
2018-12-23 03:01:47,448  INFO [AWT-EventQueue-0] - eg.edu.alexu.csd.oop.game.myGame.model.factory.ShapesFactory.makeShape 30 - Making shape from factory
2018-12-23 03:01:47,745  INFO [AWT-EventQueue-0] - eg.edu.alexu.csd.oop.game.myGame.model.factory.ShapesFactory.makeShape 30 - Making shape from factory
2018-12-23 03:01:48,070  INFO [AWT-EventQueue-0] - eg.edu.alexu.csd.oop.game.myGame.model.factory.ShapesFactory.makeShape 30 - Making shape from factory
2018-12-23 03:01:48,399  INFO [AWT-EventQueue-0] - eg.edu.alexu.csd.oop.game.myGame.model.factory.ShapesFactory.makeShape 30 - Making shape from factory
2018-12-23 03:01:48,727  INFO [AWT-EventQueue-0] - eg.edu.alexu.csd.oop.game.myGame.model.factory.ShapesFactory.makeShape 30 - Making shape from factory
2018-12-23 03:01:49,133  INFO [AWT-EventQueue-0] - eg.edu.alexu.csd.oop.game.myGame.model.factory.ShapesFactory.makeShape 30 - Making shape from factory
2018-12-23 03:01:49,525  INFO [AWT-EventQueue-0] - eg.edu.alexu.csd.oop.game.myGame.model.factory.ShapesFactory.makeShape 30 - Making shape from factory
2018-12-23 03:01:49,943  INFO [AWT-EventQueue-0] - eg.edu.alexu.csd.oop.game.myGame.model.factory.ShapesFactory.makeShape 30 - Making shape from factory
2018-12-23 03:01:50,365  INFO [AWT-EventQueue-0] - eg.edu.alexu.csd.oop.game.myGame.model.factory.ShapesFactory.makeShape 30 - Making shape from factory
2018-12-23 03:01:50,834  INFO [AWT-EventQueue-0] - eg.edu.alexu.csd.oop.game.myGame.model.factory.ShapesFactory.makeShape 30 - Making shape from factory
2018-12-23 03:01:52,179  INFO [AWT-EventQueue-0] - eg.edu.alexu.csd.oop.game.myGame.model.factory.ShapesFactory.makeShape 30 - Making shape from factory
2018-12-23 03:01:52,844  INFO [AWT-EventQueue-0] - eg.edu.alexu.csd.oop.game.myGame.model.factory.ShapesFactory.makeShape 30 - Making shape from factory
2018-12-23 03:01:53,989  INFO [AWT-EventQueue-0] - eg.edu.alexu.csd.oop.game.myGame.model.factory.ShapesFactory.makeShape 30 - Making shape from factory
2018-12-23 03:01:54,365  INFO [AWT-EventQueue-0] - eg.edu.alexu.csd.oop.game.myGame.model.factory.ShapesFactory.makeShape 30 - Making shape from factory
2018-12-23 03:01:55,100  INFO [AWT-EventQueue-0] - eg.edu.alexu.csd.oop.game.myGame.model.factory.ShapesFactory.makeShape 30 - Making shape from factory
2018-12-23 03:01:55,836  INFO [AWT-EventQueue-0] - eg.edu.alexu.csd.oop.game.myGame.model.factory.ShapesFactory.makeShape 30 - Making shape from factory
2018-12-23 03:01:56,195  INFO [AWT-EventQueue-0] - eg.edu.alexu.csd.oop.game.myGame.model.factory.ShapesFactory.makeShape 30 - Making shape from factory
2018-12-23 03:01:56,572  INFO [AWT-EventQueue-0] - eg.edu.alexu.csd.oop.game.myGame.model.factory.ShapesFactory.makeShape 30 - Making shape from factory
2018-12-23 03:01:57,525  INFO [AWT-EventQueue-0] - eg.edu.alexu.csd.oop.game.myGame.model.factory.ShapesFactory.makeShape 30 - Making shape from factory
2018-12-23 03:01:58,140  INFO [AWT-EventQueue-0] - eg.edu.alexu.csd.oop.game.myGame.model.factory.ShapesFactory.makeShape 30 - Making shape from factory
2018-12-23 03:01:59,390  INFO [AWT-EventQueue-0] - eg.edu.alexu.csd.oop.game.myGame.model.factory.ShapesFactory.makeShape 30 - Making shape from factory
2018-12-23 03:01:59,816  INFO [AWT-EventQueue-0] - eg.edu.alexu.csd.oop.game.myGame.model.factory.ShapesFactory.makeShape 30 - Making shape from factory
2018-12-23 03:02:00,534  INFO [AWT-EventQueue-0] - eg.edu.alexu.csd.oop.game.myGame.model.factory.ShapesFactory.makeShape 30 - Making shape from factory
2018-12-23 03:02:01,227  INFO [AWT-EventQueue-0] - eg.edu.alexu.csd.oop.game.myGame.model.factory.ShapesFactory.makeShape 30 - Making shape from factory
2018-12-23 03:02:01,602  INFO [AWT-EventQueue-0] - eg.edu.alexu.csd.oop.game.myGame.model.factory.ShapesFactory.makeShape 30 - Making shape from factory
2018-12-23 03:02:01,985  INFO [AWT-EventQueue-0] - eg.edu.alexu.csd.oop.game.myGame.model.factory.ShapesFactory.makeShape 30 - Making shape from factory
2018-12-23 03:02:02,988  INFO [AWT-EventQueue-0] - eg.edu.alexu.csd.oop.game.myGame.model.factory.ShapesFactory.makeShape 30 - Making shape from factory
2018-12-23 03:02:03,684  INFO [AWT-EventQueue-0] - eg.edu.alexu.csd.oop.game.myGame.model.factory.ShapesFactory.makeShape 30 - Making shape from factory
2018-12-23 03:02:04,934  INFO [AWT-EventQueue-0] - eg.edu.alexu.csd.oop.game.myGame.model.factory.ShapesFactory.makeShape 30 - Making shape from factory
2018-12-23 03:02:05,318  INFO [AWT-EventQueue-0] - eg.edu.alexu.csd.oop.game.myGame.model.factory.ShapesFactory.makeShape 30 - Making shape from factory
2018-12-23 03:02:06,052  INFO [AWT-EventQueue-0] - eg.edu.alexu.csd.oop.game.myGame.model.factory.ShapesFactory.makeShape 30 - Making shape from factory
2018-12-23 03:02:06,804  INFO [AWT-EventQueue-0] - eg.edu.alexu.csd.oop.game.myGame.model.factory.ShapesFactory.makeShape 30 - Making shape from factory
2018-12-23 03:02:07,195  INFO [AWT-EventQueue-0] - eg.edu.alexu.csd.oop.game.myGame.model.factory.ShapesFactory.makeShape 30 - Making shape from factory
2018-12-23 03:02:07,598  INFO [AWT-EventQueue-0] - eg.edu.alexu.csd.oop.game.myGame.model.factory.ShapesFactory.makeShape 30 - Making shape from factory
2018-12-23 03:02:08,350  INFO [AWT-EventQueue-0] - eg.edu.alexu.csd.oop.game.myGame.model.factory.ShapesFactory.makeShape 30 - Making shape from factory
2018-12-23 03:02:08,758  INFO [AWT-EventQueue-0] - eg.edu.alexu.csd.oop.game.myGame.model.factory.ShapesFactory.makeShape 30 - Making shape from factory
2018-12-23 03:02:09,523  INFO [AWT-EventQueue-0] - eg.edu.alexu.csd.oop.game.myGame.model.factory.ShapesFactory.makeShape 30 - Making shape from factory
2018-12-23 03:02:10,859  INFO [AWT-EventQueue-0] - eg.edu.alexu.csd.oop.game.myGame.model.factory.ShapesFactory.makeShape 30 - Making shape from factory
2018-12-23 03:02:11,918  INFO [AWT-EventQueue-0] - eg.edu.alexu.csd.oop.game.myGame.model.factory.ShapesFactory.makeShape 30 - Making shape from factory
2018-12-23 03:02:12,655  INFO [AWT-EventQueue-0] - eg.edu.alexu.csd.oop.game.myGame.model.factory.ShapesFactory.makeShape 30 - Making shape from factory
2018-12-23 03:02:13,061  INFO [AWT-EventQueue-0] - eg.edu.alexu.csd.oop.game.myGame.model.factory.ShapesFactory.makeShape 30 - Making shape from factory
2018-12-23 03:02:13,462  INFO [AWT-EventQueue-0] - eg.edu.alexu.csd.oop.game.myGame.model.factory.ShapesFactory.makeShape 30 - Making shape from factory
2018-12-23 03:02:14,227  INFO [AWT-EventQueue-0] - eg.edu.alexu.csd.oop.game.myGame.model.factory.ShapesFactory.makeShape 30 - Making shape from factory
2018-12-23 03:02:14,647  INFO [AWT-EventQueue-0] - eg.edu.alexu.csd.oop.game.myGame.model.factory.ShapesFactory.makeShape 30 - Making shape from factory
2018-12-23 03:02:15,428  INFO [AWT-EventQueue-0] - eg.edu.alexu.csd.oop.game.myGame.model.factory.ShapesFactory.makeShape 30 - Making shape from factory
2018-12-23 03:02:16,781  INFO [AWT-EventQueue-0] - eg.edu.alexu.csd.oop.game.myGame.model.factory.ShapesFactory.makeShape 30 - Making shape from factory
2018-12-23 03:02:17,855  INFO [AWT-EventQueue-0] - eg.edu.alexu.csd.oop.game.myGame.model.factory.ShapesFactory.makeShape 30 - Making shape from factory
2018-12-23 03:02:18,640  INFO [AWT-EventQueue-0] - eg.edu.alexu.csd.oop.game.myGame.model.factory.ShapesFactory.makeShape 30 - Making shape from factory
2018-12-23 03:02:19,061  INFO [AWT-EventQueue-0] - eg.edu.alexu.csd.oop.game.myGame.model.factory.ShapesFactory.makeShape 30 - Making shape from factory
2018-12-23 03:02:19,475  INFO [AWT-EventQueue-0] - eg.edu.alexu.csd.oop.game.myGame.model.factory.ShapesFactory.makeShape 30 - Making shape from factory
2018-12-23 03:02:20,272  INFO [AWT-EventQueue-0] - eg.edu.alexu.csd.oop.game.myGame.model.factory.ShapesFactory.makeShape 30 - Making shape from factory
2018-12-23 03:02:20,697  INFO [AWT-EventQueue-0] - eg.edu.alexu.csd.oop.game.myGame.model.factory.ShapesFactory.makeShape 30 - Making shape from factory
2018-12-23 03:02:21,525  INFO [AWT-EventQueue-0] - eg.edu.alexu.csd.oop.game.myGame.model.factory.ShapesFactory.makeShape 30 - Making shape from factory
2018-12-23 03:02:21,971  INFO [AWT-EventQueue-0] - eg.edu.alexu.csd.oop.game.myGame.model.factory.ShapesFactory.makeShape 30 - Making shape from factory
2018-12-23 03:02:22,471  INFO [AWT-EventQueue-0] - eg.edu.alexu.csd.oop.game.myGame.model.factory.ShapesFactory.makeShape 30 - Making shape from factory
2018-12-23 03:16:04,973  INFO [main] - eg.edu.alexu.csd.oop.game.myGame.model.CircusOfPlates.<init> 37 - Initiating circus of plates
2018-12-23 03:16:04,989  INFO [main] - eg.edu.alexu.csd.oop.game.myGame.model.Clown.<init> 23 - Instantiating a clown
2018-12-23 03:16:05,223  INFO [main] - eg.edu.alexu.csd.oop.game.myGame.view.TestMain.loadPlugin 25 - Trying to load Shape Classes
2018-12-23 03:16:05,239  INFO [main] - eg.edu.alexu.csd.oop.game.myGame.view.TestMain.loadPlugin 25 - Trying to load Shape Classes
2018-12-23 03:16:05,239  INFO [main] - eg.edu.alexu.csd.oop.game.myGame.controller.startegy.Hard.<init> 13 - Initiate hard strategy
2018-12-23 03:16:05,473  INFO [AWT-EventQueue-0] - eg.edu.alexu.csd.oop.game.myGame.model.platesPool.ObjectPool.acquire 23 - Acquiring from pool
2018-12-23 03:16:05,473  INFO [AWT-EventQueue-0] - eg.edu.alexu.csd.oop.game.myGame.model.platesPool.ShapesPool.create 36 - pool creating a new shape
2018-12-23 03:16:05,473  INFO [AWT-EventQueue-0] - eg.edu.alexu.csd.oop.game.myGame.model.factory.ShapesFactory.makeShape 30 - Making shape from factory
2018-12-23 03:16:05,786  INFO [AWT-EventQueue-0] - eg.edu.alexu.csd.oop.game.myGame.model.platesPool.ObjectPool.acquire 23 - Acquiring from pool
2018-12-23 03:16:05,786  INFO [AWT-EventQueue-0] - eg.edu.alexu.csd.oop.game.myGame.model.platesPool.ShapesPool.create 36 - pool creating a new shape
2018-12-23 03:16:05,786  INFO [AWT-EventQueue-0] - eg.edu.alexu.csd.oop.game.myGame.model.factory.ShapesFactory.makeShape 30 - Making shape from factory
2018-12-23 03:16:06,027  INFO [AWT-EventQueue-0] - eg.edu.alexu.csd.oop.game.myGame.model.platesPool.ObjectPool.acquire 23 - Acquiring from pool
2018-12-23 03:16:06,027  INFO [AWT-EventQueue-0] - eg.edu.alexu.csd.oop.game.myGame.model.platesPool.ShapesPool.create 36 - pool creating a new shape
2018-12-23 03:16:06,027  INFO [AWT-EventQueue-0] - eg.edu.alexu.csd.oop.game.myGame.model.factory.ShapesFactory.makeShape 30 - Making shape from factory
2018-12-23 03:16:06,355  INFO [AWT-EventQueue-0] - eg.edu.alexu.csd.oop.game.myGame.model.platesPool.ObjectPool.acquire 23 - Acquiring from pool
2018-12-23 03:16:06,355  INFO [AWT-EventQueue-0] - eg.edu.alexu.csd.oop.game.myGame.model.platesPool.ShapesPool.create 36 - pool creating a new shape
2018-12-23 03:16:06,355  INFO [AWT-EventQueue-0] - eg.edu.alexu.csd.oop.game.myGame.model.factory.ShapesFactory.makeShape 30 - Making shape from factory
2018-12-23 03:16:06,667  INFO [AWT-EventQueue-0] - eg.edu.alexu.csd.oop.game.myGame.model.platesPool.ObjectPool.acquire 23 - Acquiring from pool
2018-12-23 03:16:06,667  INFO [AWT-EventQueue-0] - eg.edu.alexu.csd.oop.game.myGame.model.platesPool.ShapesPool.create 36 - pool creating a new shape
2018-12-23 03:16:06,667  INFO [AWT-EventQueue-0] - eg.edu.alexu.csd.oop.game.myGame.model.factory.ShapesFactory.makeShape 30 - Making shape from factory
2018-12-23 03:16:06,995  INFO [AWT-EventQueue-0] - eg.edu.alexu.csd.oop.game.myGame.model.platesPool.ObjectPool.acquire 23 - Acquiring from pool
2018-12-23 03:16:06,995  INFO [AWT-EventQueue-0] - eg.edu.alexu.csd.oop.game.myGame.model.platesPool.ShapesPool.create 36 - pool creating a new shape
2018-12-23 03:16:06,995  INFO [AWT-EventQueue-0] - eg.edu.alexu.csd.oop.game.myGame.model.factory.ShapesFactory.makeShape 30 - Making shape from factory
2018-12-23 03:16:07,304  INFO [AWT-EventQueue-0] - eg.edu.alexu.csd.oop.game.myGame.model.platesPool.ObjectPool.acquire 23 - Acquiring from pool
2018-12-23 03:16:07,304  INFO [AWT-EventQueue-0] - eg.edu.alexu.csd.oop.game.myGame.model.platesPool.ShapesPool.create 36 - pool creating a new shape
2018-12-23 03:16:07,304  INFO [AWT-EventQueue-0] - eg.edu.alexu.csd.oop.game.myGame.model.factory.ShapesFactory.makeShape 30 - Making shape from factory
2018-12-23 03:16:07,741  INFO [AWT-EventQueue-0] - eg.edu.alexu.csd.oop.game.myGame.model.platesPool.ObjectPool.acquire 23 - Acquiring from pool
2018-12-23 03:16:07,741  INFO [AWT-EventQueue-0] - eg.edu.alexu.csd.oop.game.myGame.model.platesPool.ShapesPool.create 36 - pool creating a new shape
2018-12-23 03:16:07,741  INFO [AWT-EventQueue-0] - eg.edu.alexu.csd.oop.game.myGame.model.factory.ShapesFactory.makeShape 30 - Making shape from factory
2018-12-23 03:16:08,132  INFO [AWT-EventQueue-0] - eg.edu.alexu.csd.oop.game.myGame.model.platesPool.ObjectPool.release 53 - releasing from pool
2018-12-23 03:16:08,132  INFO [AWT-EventQueue-0] - eg.edu.alexu.csd.oop.game.myGame.model.platesPool.ObjectPool.acquire 23 - Acquiring from pool
2018-12-23 03:16:08,455  INFO [AWT-EventQueue-0] - eg.edu.alexu.csd.oop.game.myGame.model.Clown.addToStack 81 - Adding to left stack
2018-12-23 03:16:08,470  INFO [AWT-EventQueue-0] - eg.edu.alexu.csd.oop.game.myGame.model.platesPool.ObjectPool.release 53 - releasing from pool
2018-12-23 03:16:08,486  INFO [AWT-EventQueue-0] - eg.edu.alexu.csd.oop.game.myGame.model.platesPool.ObjectPool.acquire 23 - Acquiring from pool
2018-12-23 03:16:08,767  INFO [AWT-EventQueue-0] - eg.edu.alexu.csd.oop.game.myGame.model.platesPool.ObjectPool.release 53 - releasing from pool
2018-12-23 03:16:08,783  INFO [AWT-EventQueue-0] - eg.edu.alexu.csd.oop.game.myGame.model.platesPool.ObjectPool.acquire 23 - Acquiring from pool
2018-12-23 03:16:09,033  INFO [AWT-EventQueue-0] - eg.edu.alexu.csd.oop.game.myGame.model.platesPool.ObjectPool.acquire 23 - Acquiring from pool
2018-12-23 03:16:09,033  INFO [AWT-EventQueue-0] - eg.edu.alexu.csd.oop.game.myGame.model.platesPool.ShapesPool.create 36 - pool creating a new shape
2018-12-23 03:16:09,033  INFO [AWT-EventQueue-0] - eg.edu.alexu.csd.oop.game.myGame.model.factory.ShapesFactory.makeShape 30 - Making shape from factory
2018-12-23 03:16:09,423  INFO [AWT-EventQueue-0] - eg.edu.alexu.csd.oop.game.myGame.model.platesPool.ObjectPool.acquire 23 - Acquiring from pool
2018-12-23 03:16:09,423  INFO [AWT-EventQueue-0] - eg.edu.alexu.csd.oop.game.myGame.model.platesPool.ShapesPool.create 36 - pool creating a new shape
2018-12-23 03:16:09,426  INFO [AWT-EventQueue-0] - eg.edu.alexu.csd.oop.game.myGame.model.factory.ShapesFactory.makeShape 30 - Making shape from factory
2018-12-23 03:16:09,431  INFO [AWT-EventQueue-0] - eg.edu.alexu.csd.oop.game.myGame.model.platesPool.ObjectPool.release 53 - releasing from pool
2018-12-23 03:16:09,806  INFO [AWT-EventQueue-0] - eg.edu.alexu.csd.oop.game.myGame.model.platesPool.ObjectPool.release 53 - releasing from pool
2018-12-23 03:16:09,806  INFO [AWT-EventQueue-0] - eg.edu.alexu.csd.oop.game.myGame.model.platesPool.ObjectPool.acquire 23 - Acquiring from pool
2018-12-23 03:16:10,134  INFO [AWT-EventQueue-0] - eg.edu.alexu.csd.oop.game.myGame.model.platesPool.ObjectPool.release 53 - releasing from pool
2018-12-23 03:16:10,149  INFO [AWT-EventQueue-0] - eg.edu.alexu.csd.oop.game.myGame.model.platesPool.ObjectPool.acquire 23 - Acquiring from pool
2018-12-23 03:16:10,415  INFO [AWT-EventQueue-0] - eg.edu.alexu.csd.oop.game.myGame.model.platesPool.ObjectPool.release 53 - releasing from pool
2018-12-23 03:16:10,415  INFO [AWT-EventQueue-0] - eg.edu.alexu.csd.oop.game.myGame.model.platesPool.ObjectPool.acquire 23 - Acquiring from pool
2018-12-23 03:16:10,649  INFO [AWT-EventQueue-0] - eg.edu.alexu.csd.oop.game.myGame.model.platesPool.ObjectPool.acquire 23 - Acquiring from pool
2018-12-23 03:16:10,851  INFO [AWT-EventQueue-0] - eg.edu.alexu.csd.oop.game.myGame.model.platesPool.ObjectPool.acquire 23 - Acquiring from pool
2018-12-23 03:16:10,851  INFO [AWT-EventQueue-0] - eg.edu.alexu.csd.oop.game.myGame.model.platesPool.ShapesPool.create 36 - pool creating a new shape
2018-12-23 03:16:10,851  INFO [AWT-EventQueue-0] - eg.edu.alexu.csd.oop.game.myGame.model.factory.ShapesFactory.makeShape 30 - Making shape from factory
2018-12-23 03:16:11,226  INFO [AWT-EventQueue-0] - eg.edu.alexu.csd.oop.game.myGame.model.platesPool.ObjectPool.acquire 23 - Acquiring from pool
2018-12-23 03:16:11,226  INFO [AWT-EventQueue-0] - eg.edu.alexu.csd.oop.game.myGame.model.platesPool.ShapesPool.create 36 - pool creating a new shape
2018-12-23 03:16:11,226  INFO [AWT-EventQueue-0] - eg.edu.alexu.csd.oop.game.myGame.model.factory.ShapesFactory.makeShape 30 - Making shape from factory
2018-12-23 03:16:11,601  INFO [AWT-EventQueue-0] - eg.edu.alexu.csd.oop.game.myGame.model.platesPool.ObjectPool.release 53 - releasing from pool
2018-12-23 03:16:11,601  INFO [AWT-EventQueue-0] - eg.edu.alexu.csd.oop.game.myGame.model.platesPool.ObjectPool.acquire 23 - Acquiring from pool
2018-12-23 03:16:11,914  INFO [AWT-EventQueue-0] - eg.edu.alexu.csd.oop.game.myGame.model.platesPool.ObjectPool.release 53 - releasing from pool
2018-12-23 03:16:11,931  INFO [AWT-EventQueue-0] - eg.edu.alexu.csd.oop.game.myGame.model.platesPool.ObjectPool.acquire 23 - Acquiring from pool
2018-12-23 03:16:12,198  INFO [AWT-EventQueue-0] - eg.edu.alexu.csd.oop.game.myGame.model.platesPool.ObjectPool.acquire 23 - Acquiring from pool
2018-12-23 03:16:12,198  INFO [AWT-EventQueue-0] - eg.edu.alexu.csd.oop.game.myGame.model.platesPool.ShapesPool.create 36 - pool creating a new shape
2018-12-23 03:16:12,198  INFO [AWT-EventQueue-0] - eg.edu.alexu.csd.oop.game.myGame.model.factory.ShapesFactory.makeShape 30 - Making shape from factory
2018-12-23 03:16:12,557  INFO [AWT-EventQueue-0] - eg.edu.alexu.csd.oop.game.myGame.model.platesPool.ObjectPool.acquire 23 - Acquiring from pool
2018-12-23 03:16:12,557  INFO [AWT-EventQueue-0] - eg.edu.alexu.csd.oop.game.myGame.model.platesPool.ShapesPool.create 36 - pool creating a new shape
2018-12-23 03:16:12,557  INFO [AWT-EventQueue-0] - eg.edu.alexu.csd.oop.game.myGame.model.factory.ShapesFactory.makeShape 30 - Making shape from factory
2018-12-23 03:16:12,932  INFO [AWT-EventQueue-0] - eg.edu.alexu.csd.oop.game.myGame.model.platesPool.ObjectPool.acquire 23 - Acquiring from pool
2018-12-23 03:16:12,932  INFO [AWT-EventQueue-0] - eg.edu.alexu.csd.oop.game.myGame.model.platesPool.ShapesPool.create 36 - pool creating a new shape
2018-12-23 03:16:12,932  INFO [AWT-EventQueue-0] - eg.edu.alexu.csd.oop.game.myGame.model.factory.ShapesFactory.makeShape 30 - Making shape from factory
2018-12-23 03:16:13,093  INFO [AWT-EventQueue-0] - eg.edu.alexu.csd.oop.game.myGame.model.Clown.addToStack 81 - Adding to left stack
2018-12-23 03:16:13,296  INFO [AWT-EventQueue-0] - eg.edu.alexu.csd.oop.game.myGame.model.platesPool.ObjectPool.acquire 23 - Acquiring from pool
2018-12-23 03:16:13,296  INFO [AWT-EventQueue-0] - eg.edu.alexu.csd.oop.game.myGame.model.platesPool.ShapesPool.create 36 - pool creating a new shape
2018-12-23 03:16:13,296  INFO [AWT-EventQueue-0] - eg.edu.alexu.csd.oop.game.myGame.model.factory.ShapesFactory.makeShape 30 - Making shape from factory
2018-12-23 03:16:13,640  INFO [AWT-EventQueue-0] - eg.edu.alexu.csd.oop.game.myGame.model.platesPool.ObjectPool.release 53 - releasing from pool
2018-12-23 03:16:13,640  INFO [AWT-EventQueue-0] - eg.edu.alexu.csd.oop.game.myGame.model.platesPool.ObjectPool.acquire 23 - Acquiring from pool
2018-12-23 03:16:13,953  INFO [AWT-EventQueue-0] - eg.edu.alexu.csd.oop.game.myGame.model.platesPool.ObjectPool.acquire 23 - Acquiring from pool
2018-12-23 03:16:13,953  INFO [AWT-EventQueue-0] - eg.edu.alexu.csd.oop.game.myGame.model.platesPool.ShapesPool.create 36 - pool creating a new shape
2018-12-23 03:16:13,953  INFO [AWT-EventQueue-0] - eg.edu.alexu.csd.oop.game.myGame.model.factory.ShapesFactory.makeShape 30 - Making shape from factory
2018-12-23 03:16:14,362  INFO [AWT-EventQueue-0] - eg.edu.alexu.csd.oop.game.myGame.model.platesPool.ObjectPool.acquire 23 - Acquiring from pool
2018-12-23 03:16:14,362  INFO [AWT-EventQueue-0] - eg.edu.alexu.csd.oop.game.myGame.model.platesPool.ShapesPool.create 36 - pool creating a new shape
2018-12-23 03:16:14,362  INFO [AWT-EventQueue-0] - eg.edu.alexu.csd.oop.game.myGame.model.factory.ShapesFactory.makeShape 30 - Making shape from factory
2018-12-23 03:16:14,769  INFO [AWT-EventQueue-0] - eg.edu.alexu.csd.oop.game.myGame.model.platesPool.ObjectPool.acquire 23 - Acquiring from pool
2018-12-23 03:16:14,769  INFO [AWT-EventQueue-0] - eg.edu.alexu.csd.oop.game.myGame.model.platesPool.ShapesPool.create 36 - pool creating a new shape
2018-12-23 03:16:14,769  INFO [AWT-EventQueue-0] - eg.edu.alexu.csd.oop.game.myGame.model.factory.ShapesFactory.makeShape 30 - Making shape from factory
2018-12-23 03:16:15,143  INFO [AWT-EventQueue-0] - eg.edu.alexu.csd.oop.game.myGame.model.platesPool.ObjectPool.release 53 - releasing from pool
2018-12-23 03:16:15,153  INFO [AWT-EventQueue-0] - eg.edu.alexu.csd.oop.game.myGame.model.platesPool.ObjectPool.acquire 23 - Acquiring from pool
2018-12-23 03:16:15,216  INFO [AWT-EventQueue-0] - eg.edu.alexu.csd.oop.game.myGame.model.Clown.addToStack 85 - Adding to right stack
2018-12-23 03:16:15,544  INFO [AWT-EventQueue-0] - eg.edu.alexu.csd.oop.game.myGame.model.platesPool.ObjectPool.release 53 - releasing from pool
2018-12-23 03:16:15,544  INFO [AWT-EventQueue-0] - eg.edu.alexu.csd.oop.game.myGame.model.platesPool.ObjectPool.acquire 23 - Acquiring from pool
2018-12-23 03:16:15,825  INFO [AWT-EventQueue-0] - eg.edu.alexu.csd.oop.game.myGame.model.platesPool.ObjectPool.acquire 23 - Acquiring from pool
2018-12-23 03:16:15,825  INFO [AWT-EventQueue-0] - eg.edu.alexu.csd.oop.game.myGame.model.platesPool.ShapesPool.create 36 - pool creating a new shape
2018-12-23 03:16:15,825  INFO [AWT-EventQueue-0] - eg.edu.alexu.csd.oop.game.myGame.model.factory.ShapesFactory.makeShape 30 - Making shape from factory
2018-12-23 03:16:16,231  INFO [AWT-EventQueue-0] - eg.edu.alexu.csd.oop.game.myGame.model.platesPool.ObjectPool.acquire 23 - Acquiring from pool
2018-12-23 03:16:16,231  INFO [AWT-EventQueue-0] - eg.edu.alexu.csd.oop.game.myGame.model.platesPool.ShapesPool.create 36 - pool creating a new shape
2018-12-23 03:16:16,231  INFO [AWT-EventQueue-0] - eg.edu.alexu.csd.oop.game.myGame.model.factory.ShapesFactory.makeShape 30 - Making shape from factory
2018-12-23 03:16:16,239  INFO [AWT-EventQueue-0] - eg.edu.alexu.csd.oop.game.myGame.model.platesPool.ObjectPool.release 53 - releasing from pool
2018-12-23 03:16:16,529  INFO [AWT-EventQueue-0] - eg.edu.alexu.csd.oop.game.myGame.model.Clown.addToStack 85 - Adding to right stack
2018-12-23 03:16:16,654  INFO [AWT-EventQueue-0] - eg.edu.alexu.csd.oop.game.myGame.model.platesPool.ObjectPool.acquire 23 - Acquiring from pool
2018-12-23 03:16:17,029  INFO [AWT-EventQueue-0] - eg.edu.alexu.csd.oop.game.myGame.model.platesPool.ObjectPool.release 53 - releasing from pool
2018-12-23 03:16:17,029  INFO [AWT-EventQueue-0] - eg.edu.alexu.csd.oop.game.myGame.model.platesPool.ObjectPool.acquire 23 - Acquiring from pool
2018-12-23 03:16:17,357  INFO [AWT-EventQueue-0] - eg.edu.alexu.csd.oop.game.myGame.model.platesPool.ObjectPool.acquire 23 - Acquiring from pool
2018-12-23 03:16:17,357  INFO [AWT-EventQueue-0] - eg.edu.alexu.csd.oop.game.myGame.model.platesPool.ShapesPool.create 36 - pool creating a new shape
2018-12-23 03:16:17,357  INFO [AWT-EventQueue-0] - eg.edu.alexu.csd.oop.game.myGame.model.factory.ShapesFactory.makeShape 30 - Making shape from factory
2018-12-23 03:16:17,807  INFO [AWT-EventQueue-0] - eg.edu.alexu.csd.oop.game.myGame.model.platesPool.ObjectPool.acquire 23 - Acquiring from pool
2018-12-23 03:16:17,807  INFO [AWT-EventQueue-0] - eg.edu.alexu.csd.oop.game.myGame.model.platesPool.ShapesPool.create 36 - pool creating a new shape
2018-12-23 03:16:17,807  INFO [AWT-EventQueue-0] - eg.edu.alexu.csd.oop.game.myGame.model.factory.ShapesFactory.makeShape 30 - Making shape from factory
2018-12-23 03:16:17,807  INFO [AWT-EventQueue-0] - eg.edu.alexu.csd.oop.game.myGame.model.platesPool.ObjectPool.release 53 - releasing from pool
2018-12-23 03:16:18,216  INFO [AWT-EventQueue-0] - eg.edu.alexu.csd.oop.game.myGame.model.platesPool.ObjectPool.acquire 23 - Acquiring from pool
2018-12-23 03:16:18,575  INFO [AWT-EventQueue-0] - eg.edu.alexu.csd.oop.game.myGame.model.platesPool.ObjectPool.acquire 23 - Acquiring from pool
2018-12-23 03:16:18,575  INFO [AWT-EventQueue-0] - eg.edu.alexu.csd.oop.game.myGame.model.platesPool.ShapesPool.create 36 - pool creating a new shape
2018-12-23 03:16:18,575  INFO [AWT-EventQueue-0] - eg.edu.alexu.csd.oop.game.myGame.model.factory.ShapesFactory.makeShape 30 - Making shape from factory
2018-12-23 03:16:18,979  INFO [AWT-EventQueue-0] - eg.edu.alexu.csd.oop.game.myGame.model.platesPool.ObjectPool.release 53 - releasing from pool
2018-12-23 03:16:18,979  INFO [AWT-EventQueue-0] - eg.edu.alexu.csd.oop.game.myGame.model.platesPool.ObjectPool.acquire 23 - Acquiring from pool
2018-12-23 03:16:19,355  INFO [AWT-EventQueue-0] - eg.edu.alexu.csd.oop.game.myGame.model.platesPool.ObjectPool.release 53 - releasing from pool
2018-12-23 03:16:19,355  INFO [AWT-EventQueue-0] - eg.edu.alexu.csd.oop.game.myGame.model.platesPool.ObjectPool.acquire 23 - Acquiring from pool
2018-12-23 03:16:19,667  INFO [AWT-EventQueue-0] - eg.edu.alexu.csd.oop.game.myGame.model.platesPool.ObjectPool.acquire 23 - Acquiring from pool
2018-12-23 03:16:19,667  INFO [AWT-EventQueue-0] - eg.edu.alexu.csd.oop.game.myGame.model.platesPool.ShapesPool.create 36 - pool creating a new shape
2018-12-23 03:16:19,667  INFO [AWT-EventQueue-0] - eg.edu.alexu.csd.oop.game.myGame.model.factory.ShapesFactory.makeShape 30 - Making shape from factory
2018-12-23 03:16:20,070  INFO [AWT-EventQueue-0] - eg.edu.alexu.csd.oop.game.myGame.model.platesPool.ObjectPool.acquire 23 - Acquiring from pool
2018-12-23 03:16:20,070  INFO [AWT-EventQueue-0] - eg.edu.alexu.csd.oop.game.myGame.model.platesPool.ShapesPool.create 36 - pool creating a new shape
2018-12-23 03:16:20,070  INFO [AWT-EventQueue-0] - eg.edu.alexu.csd.oop.game.myGame.model.factory.ShapesFactory.makeShape 30 - Making shape from factory
2018-12-23 03:16:20,460  INFO [AWT-EventQueue-0] - eg.edu.alexu.csd.oop.game.myGame.model.platesPool.ObjectPool.release 53 - releasing from pool
2018-12-23 03:16:20,476  INFO [AWT-EventQueue-0] - eg.edu.alexu.csd.oop.game.myGame.model.platesPool.ObjectPool.acquire 23 - Acquiring from pool
2018-12-23 03:16:20,538  INFO [AWT-EventQueue-0] - eg.edu.alexu.csd.oop.game.myGame.model.Clown.addToStack 81 - Adding to left stack
2018-12-23 03:16:20,538  INFO [AWT-EventQueue-0] - eg.edu.alexu.csd.oop.game.myGame.model.PlateObserver.update 19 - updating left stack
2018-12-23 03:16:20,819  INFO [AWT-EventQueue-0] - eg.edu.alexu.csd.oop.game.myGame.model.platesPool.ObjectPool.release 53 - releasing from pool
2018-12-23 03:16:20,836  INFO [AWT-EventQueue-0] - eg.edu.alexu.csd.oop.game.myGame.model.platesPool.ObjectPool.acquire 23 - Acquiring from pool
2018-12-23 03:16:21,126  INFO [AWT-EventQueue-0] - eg.edu.alexu.csd.oop.game.myGame.model.platesPool.ObjectPool.acquire 23 - Acquiring from pool
2018-12-23 03:16:21,126  INFO [AWT-EventQueue-0] - eg.edu.alexu.csd.oop.game.myGame.model.platesPool.ShapesPool.create 36 - pool creating a new shape
2018-12-23 03:16:21,126  INFO [AWT-EventQueue-0] - eg.edu.alexu.csd.oop.game.myGame.model.factory.ShapesFactory.makeShape 30 - Making shape from factory
2018-12-23 03:16:21,533  INFO [AWT-EventQueue-0] - eg.edu.alexu.csd.oop.game.myGame.model.platesPool.ObjectPool.acquire 23 - Acquiring from pool
2018-12-23 03:16:21,533  INFO [AWT-EventQueue-0] - eg.edu.alexu.csd.oop.game.myGame.model.platesPool.ShapesPool.create 36 - pool creating a new shape
2018-12-23 03:16:21,533  INFO [AWT-EventQueue-0] - eg.edu.alexu.csd.oop.game.myGame.model.factory.ShapesFactory.makeShape 30 - Making shape from factory
2018-12-23 03:16:21,954  INFO [AWT-EventQueue-0] - eg.edu.alexu.csd.oop.game.myGame.model.platesPool.ObjectPool.acquire 23 - Acquiring from pool
2018-12-23 03:16:21,954  INFO [AWT-EventQueue-0] - eg.edu.alexu.csd.oop.game.myGame.model.platesPool.ShapesPool.create 36 - pool creating a new shape
2018-12-23 03:16:21,954  INFO [AWT-EventQueue-0] - eg.edu.alexu.csd.oop.game.myGame.model.factory.ShapesFactory.makeShape 30 - Making shape from factory
2018-12-23 03:16:22,393  INFO [AWT-EventQueue-0] - eg.edu.alexu.csd.oop.game.myGame.model.platesPool.ObjectPool.acquire 23 - Acquiring from pool
2018-12-23 03:16:22,393  INFO [AWT-EventQueue-0] - eg.edu.alexu.csd.oop.game.myGame.model.platesPool.ShapesPool.create 36 - pool creating a new shape
2018-12-23 03:16:22,393  INFO [AWT-EventQueue-0] - eg.edu.alexu.csd.oop.game.myGame.model.factory.ShapesFactory.makeShape 30 - Making shape from factory
2018-12-23 03:16:22,815  INFO [AWT-EventQueue-0] - eg.edu.alexu.csd.oop.game.myGame.model.platesPool.ObjectPool.release 53 - releasing from pool
2018-12-23 03:16:22,815  INFO [AWT-EventQueue-0] - eg.edu.alexu.csd.oop.game.myGame.model.platesPool.ObjectPool.acquire 23 - Acquiring from pool
